<?xml version="1.0" encoding="UTF-8"?>
<testng-results skipped="0" failed="0" ignored="0" total="2" passed="2">
  <reporter-output>
  </reporter-output>
  <suite name="Default suite" duration-ms="18799" started-at="2020-07-24T19:30:40 CDT" finished-at="2020-07-24T19:30:59 CDT">
    <groups>
    </groups>
    <test name="Default test" duration-ms="18799" started-at="2020-07-24T19:30:40 CDT" finished-at="2020-07-24T19:30:59 CDT">
      <class name="test.AddContactsTestExcel">
        <test-method status="PASS" signature="startUp()[pri:0, instance:test.AddContactsTestExcel@5bf0d49]" name="startUp" is-config="true" duration-ms="8869" started-at="2020-07-24T19:30:40 CDT" finished-at="2020-07-24T19:30:49 CDT">
          <reporter-output>
          </reporter-output>
        </test-method> <!-- startUp -->
        <test-method status="PASS" signature="loginTest()[pri:1, instance:test.AddContactsTestExcel@5bf0d49]" name="loginTest" duration-ms="2223" started-at="2020-07-24T19:30:49 CDT" finished-at="2020-07-24T19:30:52 CDT">
          <reporter-output>
          </reporter-output>
        </test-method> <!-- loginTest -->
        <test-method status="PASS" signature="addContact()[pri:2, instance:test.AddContactsTestExcel@5bf0d49]" name="addContact" duration-ms="7669" started-at="2020-07-24T19:30:52 CDT" finished-at="2020-07-24T19:30:59 CDT">
          <reporter-output>
          </reporter-output>
        </test-method> <!-- addContact -->
      </class> <!-- test.AddContactsTestExcel -->
    </test> <!-- Default test -->
  </suite> <!-- Default suite -->
</testng-results>
